<?xml version="1.0" encoding="UTF-8"?>
<!-- Generated by org.testng.reporters.JUnitReportReporter -->
<testsuite skipped="0" hostname="Girish-PC" name="com.qa.autoProj.www.VerifyTitlePage" tests="1" failures="0" timestamp="07 Apr 2019 12:21:52 GMT" time="0.031" errors="0">
  <testcase name="getTitle" time="0.031" classname="com.qa.autoProj.www.VerifyTitlePage"/>
</testsuite> <!-- com.qa.autoProj.www.VerifyTitlePage -->
